<?xml version="1.0" encoding="UTF-8"?>
<testng-results ignored="0" total="2" passed="2" failed="0" skipped="0">
  <reporter-output>
  </reporter-output>
  <suite started-at="2026-03-19T16:57:16 IST" name="OrangeHRM Suite" finished-at="2026-03-19T16:57:30 IST" duration-ms="14253">
    <groups>
    </groups>
    <test started-at="2026-03-19T16:57:16 IST" name="Login Tests" finished-at="2026-03-19T16:57:30 IST" duration-ms="14253">
      <class name="tests.LoginTest">
        <test-method is-config="true" signature="setUp(java.lang.reflect.Method)[pri:0, instance:tests.LoginTest@7a791b66]" started-at="2026-03-19T16:57:16 IST" name="setUp" finished-at="2026-03-19T16:57:24 IST" duration-ms="7885" status="PASS">
          <params>
            <param index="0">
              <value>
                <![CDATA[public void tests.LoginTest.LoginTest2()]]>
              </value>
            </param>
          </params>
          <reporter-output>
          </reporter-output>
        </test-method> <!-- setUp -->
        <test-method is-config="true" signature="setUp(java.lang.reflect.Method)[pri:0, instance:tests.LoginTest@7a791b66]" started-at="2026-03-19T16:57:16 IST" name="setUp" finished-at="2026-03-19T16:57:25 IST" duration-ms="9364" status="PASS">
          <params>
            <param index="0">
              <value>
                <![CDATA[public void tests.LoginTest.VerifyLoginPage(java.lang.String,java.lang.String)]]>
              </value>
            </param>
          </params>
          <reporter-output>
          </reporter-output>
        </test-method> <!-- setUp -->
        <test-method signature="LoginTest2()[pri:0, instance:tests.LoginTest@7a791b66]" started-at="2026-03-19T16:57:24 IST" name="LoginTest2" finished-at="2026-03-19T16:57:24 IST" duration-ms="10" status="PASS">
          <reporter-output>
          </reporter-output>
        </test-method> <!-- LoginTest2 -->
        <test-method is-config="true" signature="tearDown()[pri:0, instance:tests.LoginTest@7a791b66]" started-at="2026-03-19T16:57:24 IST" name="tearDown" finished-at="2026-03-19T16:57:24 IST" duration-ms="128" status="PASS">
          <reporter-output>
          </reporter-output>
        </test-method> <!-- tearDown -->
        <test-method signature="VerifyLoginPage(java.lang.String,java.lang.String)[pri:0, instance:tests.LoginTest@7a791b66]" started-at="2026-03-19T16:57:25 IST" name="VerifyLoginPage" data-provider="loginData" finished-at="2026-03-19T16:57:30 IST" duration-ms="4707" status="PASS">
          <params>
            <param index="0">
              <value>
                <![CDATA[Admin]]>
              </value>
            </param>
            <param index="1">
              <value>
                <![CDATA[admin123]]>
              </value>
            </param>
          </params>
          <reporter-output>
          </reporter-output>
        </test-method> <!-- VerifyLoginPage -->
        <test-method is-config="true" signature="tearDown()[pri:0, instance:tests.LoginTest@7a791b66]" started-at="2026-03-19T16:57:30 IST" name="tearDown" finished-at="2026-03-19T16:57:30 IST" duration-ms="133" status="PASS">
          <reporter-output>
          </reporter-output>
        </test-method> <!-- tearDown -->
      </class> <!-- tests.LoginTest -->
    </test> <!-- Login Tests -->
  </suite> <!-- OrangeHRM Suite -->
</testng-results>
